2020-09-08 10:56:35.9012 | WARN | No type was specified for the decimal column 'RequestedSalary' on entity type 'JobRequest'. This will cause values to be silently truncated if they do not fit in the default precision and scale. Explicitly specify the SQL server column type that can accommodate all the values using 'HasColumnType()'. |  | Microsoft.EntityFrameworkCore.Model.Validation | url:  | action: 
2020-09-08 10:56:48.4595 | ERROR | Elmah local exception |  | ElmahCore.Mvc.ErrorLogMiddleware | url: https://localhost/api/values | action: Get
2020-09-08 10:56:48.4595 | ERROR | You are unauthorized to access this resource. | Common.Exceptions.AppException: You are unauthorized to access this resource.
   at WebFramework.Configuration.ServiceCollectionExtensions.<>c.<AddJwtAuthentication>b__3_4(JwtBearerChallengeContext context) in D:\Project\BomoBana\Git\WebFramework\Configuration\ServiceCollectionExtensions.cs:line 203
   at Microsoft.AspNetCore.Authentication.JwtBearer.JwtBearerEvents.Challenge(JwtBearerChallengeContext context)
   at Microsoft.AspNetCore.Authentication.JwtBearer.JwtBearerHandler.HandleChallengeAsync(AuthenticationProperties properties)
   at Microsoft.AspNetCore.Authentication.AuthenticationHandler`1.ChallengeAsync(AuthenticationProperties properties)
   at Microsoft.AspNetCore.Authentication.AuthenticationService.ChallengeAsync(HttpContext context, String scheme, AuthenticationProperties properties)
   at Microsoft.AspNetCore.Mvc.ChallengeResult.ExecuteResultAsync(ActionContext context)
   at Microsoft.AspNetCore.Mvc.Infrastructure.ResourceInvoker.<InvokeNextResultFilterAsync>g__Awaited|29_0[TFilter,TFilterAsync](ResourceInvoker invoker, Task lastTask, State next, Scope scope, Object state, Boolean isCompleted)
   at Microsoft.AspNetCore.Mvc.Infrastructure.ResourceInvoker.Rethrow(ResultExecutedContextSealed context)
   at Microsoft.AspNetCore.Mvc.Infrastructure.ResourceInvoker.ResultNext[TFilter,TFilterAsync](State& next, Scope& scope, Object& state, Boolean& isCompleted)
   at Microsoft.AspNetCore.Mvc.Infrastructure.ResourceInvoker.InvokeAlwaysRunResultFilters()
--- End of stack trace from previous location where exception was thrown ---
   at Microsoft.AspNetCore.Mvc.Infrastructure.ResourceInvoker.<InvokeFilterPipelineAsync>g__Awaited|19_0(ResourceInvoker invoker, Task lastTask, State next, Scope scope, Object state, Boolean isCompleted)
   at Microsoft.AspNetCore.Mvc.Infrastructure.ResourceInvoker.<InvokeAsync>g__Logged|17_1(ResourceInvoker invoker)
   at Microsoft.AspNetCore.Routing.EndpointMiddleware.<Invoke>g__AwaitRequestTask|6_0(Endpoint endpoint, Task requestTask, ILogger logger)
   at Microsoft.AspNetCore.Authorization.AuthorizationMiddleware.Invoke(HttpContext context)
   at Microsoft.AspNetCore.Authentication.AuthenticationMiddleware.Invoke(HttpContext context)
   at Swashbuckle.AspNetCore.ReDoc.ReDocMiddleware.Invoke(HttpContext httpContext)
   at Swashbuckle.AspNetCore.SwaggerUI.SwaggerUIMiddleware.Invoke(HttpContext httpContext)
   at Swashbuckle.AspNetCore.Swagger.SwaggerMiddleware.Invoke(HttpContext httpContext, ISwaggerProvider swaggerProvider)
   at ElmahCore.Mvc.ErrorLogMiddleware.Invoke(HttpContext context, Func`1 next)
   at ElmahCore.Mvc.BuilderHelper.<>c.<<UseElmah>b__0_0>d.MoveNext()
--- End of stack trace from previous location where exception was thrown ---
   at WebFramework.Middlewares.CustomExceptionHandlerMiddleware.Invoke(HttpContext context) in D:\Project\BomoBana\Git\WebFramework\Middlewares\CustomExceptionHandlerMiddleware.cs:line 49 | WebFramework.Middlewares.CustomExceptionHandlerMiddleware | url: https://localhost/api/values | action: Get
2020-09-08 10:56:48.6874 | ERROR | Elmah local exception |  | ElmahCore.Mvc.ErrorLogMiddleware | url: https://localhost/favicon.ico | action: 
2020-09-08 10:57:31.9072 | ERROR | Elmah local exception |  | ElmahCore.Mvc.ErrorLogMiddleware | url: https://localhost/api/v1/Users/GetUser/1 | action: Get
2020-09-08 10:57:31.9072 | ERROR | You are unauthorized to access this resource. | Common.Exceptions.AppException: You are unauthorized to access this resource.
   at WebFramework.Configuration.ServiceCollectionExtensions.<>c.<AddJwtAuthentication>b__3_4(JwtBearerChallengeContext context) in D:\Project\BomoBana\Git\WebFramework\Configuration\ServiceCollectionExtensions.cs:line 203
   at Microsoft.AspNetCore.Authentication.JwtBearer.JwtBearerEvents.Challenge(JwtBearerChallengeContext context)
   at Microsoft.AspNetCore.Authentication.JwtBearer.JwtBearerHandler.HandleChallengeAsync(AuthenticationProperties properties)
   at Microsoft.AspNetCore.Authentication.AuthenticationHandler`1.ChallengeAsync(AuthenticationProperties properties)
   at Microsoft.AspNetCore.Authentication.AuthenticationService.ChallengeAsync(HttpContext context, String scheme, AuthenticationProperties properties)
   at Microsoft.AspNetCore.Mvc.ChallengeResult.ExecuteResultAsync(ActionContext context)
   at Microsoft.AspNetCore.Mvc.Infrastructure.ResourceInvoker.<InvokeNextResultFilterAsync>g__Awaited|29_0[TFilter,TFilterAsync](ResourceInvoker invoker, Task lastTask, State next, Scope scope, Object state, Boolean isCompleted)
   at Microsoft.AspNetCore.Mvc.Infrastructure.ResourceInvoker.Rethrow(ResultExecutedContextSealed context)
   at Microsoft.AspNetCore.Mvc.Infrastructure.ResourceInvoker.ResultNext[TFilter,TFilterAsync](State& next, Scope& scope, Object& state, Boolean& isCompleted)
   at Microsoft.AspNetCore.Mvc.Infrastructure.ResourceInvoker.InvokeAlwaysRunResultFilters()
--- End of stack trace from previous location where exception was thrown ---
   at Microsoft.AspNetCore.Mvc.Infrastructure.ResourceInvoker.<InvokeFilterPipelineAsync>g__Awaited|19_0(ResourceInvoker invoker, Task lastTask, State next, Scope scope, Object state, Boolean isCompleted)
   at Microsoft.AspNetCore.Mvc.Infrastructure.ResourceInvoker.<InvokeAsync>g__Logged|17_1(ResourceInvoker invoker)
   at Microsoft.AspNetCore.Routing.EndpointMiddleware.<Invoke>g__AwaitRequestTask|6_0(Endpoint endpoint, Task requestTask, ILogger logger)
   at Microsoft.AspNetCore.Authorization.AuthorizationMiddleware.Invoke(HttpContext context)
   at Microsoft.AspNetCore.Authentication.AuthenticationMiddleware.Invoke(HttpContext context)
   at Swashbuckle.AspNetCore.ReDoc.ReDocMiddleware.Invoke(HttpContext httpContext)
   at Swashbuckle.AspNetCore.SwaggerUI.SwaggerUIMiddleware.Invoke(HttpContext httpContext)
   at Swashbuckle.AspNetCore.Swagger.SwaggerMiddleware.Invoke(HttpContext httpContext, ISwaggerProvider swaggerProvider)
   at ElmahCore.Mvc.ErrorLogMiddleware.Invoke(HttpContext context, Func`1 next)
   at ElmahCore.Mvc.BuilderHelper.<>c.<<UseElmah>b__0_0>d.MoveNext()
--- End of stack trace from previous location where exception was thrown ---
   at WebFramework.Middlewares.CustomExceptionHandlerMiddleware.Invoke(HttpContext context) in D:\Project\BomoBana\Git\WebFramework\Middlewares\CustomExceptionHandlerMiddleware.cs:line 49 | WebFramework.Middlewares.CustomExceptionHandlerMiddleware | url: https://localhost/api/v1/Users/GetUser/1 | action: Get
2020-09-08 10:58:47.5588 | WARN | No type was specified for the decimal column 'RequestedSalary' on entity type 'JobRequest'. This will cause values to be silently truncated if they do not fit in the default precision and scale. Explicitly specify the SQL server column type that can accommodate all the values using 'HasColumnType()'. |  | Microsoft.EntityFrameworkCore.Model.Validation | url:  | action: 
2020-09-08 11:00:12.3063 | ERROR | Elmah local exception |  | ElmahCore.Mvc.ErrorLogMiddleware | url: https://localhost/api/v1/Users/Token | action: Token
2020-09-08 11:00:12.3182 | ERROR | نام کاربری یا رمز عبور اشتباه است | Common.Exceptions.BadRequestException: نام کاربری یا رمز عبور اشتباه است
   at MyApi.Controllers.v1.UsersController.Token(TokenRequest tokenRequest, CancellationToken cancellationToken) in D:\Project\BomoBana\Git\Api\Controllers\UsersController.cs:line 72
   at lambda_method(Closure , Object )
   at Microsoft.Extensions.Internal.ObjectMethodExecutorAwaitable.Awaiter.GetResult()
   at Microsoft.AspNetCore.Mvc.Infrastructure.ActionMethodExecutor.TaskOfActionResultExecutor.Execute(IActionResultTypeMapper mapper, ObjectMethodExecutor executor, Object controller, Object[] arguments)
   at Microsoft.AspNetCore.Mvc.Infrastructure.ControllerActionInvoker.<InvokeActionMethodAsync>g__Awaited|12_0(ControllerActionInvoker invoker, ValueTask`1 actionResultValueTask)
   at Microsoft.AspNetCore.Mvc.Infrastructure.ControllerActionInvoker.<InvokeNextActionFilterAsync>g__Awaited|10_0(ControllerActionInvoker invoker, Task lastTask, State next, Scope scope, Object state, Boolean isCompleted)
   at Microsoft.AspNetCore.Mvc.Infrastructure.ControllerActionInvoker.Rethrow(ActionExecutedContextSealed context)
   at Microsoft.AspNetCore.Mvc.Infrastructure.ControllerActionInvoker.Next(State& next, Scope& scope, Object& state, Boolean& isCompleted)
   at Microsoft.AspNetCore.Mvc.Infrastructure.ControllerActionInvoker.<InvokeInnerFilterAsync>g__Awaited|13_0(ControllerActionInvoker invoker, Task lastTask, State next, Scope scope, Object state, Boolean isCompleted)
   at Microsoft.AspNetCore.Mvc.Infrastructure.ResourceInvoker.<InvokeNextResourceFilter>g__Awaited|24_0(ResourceInvoker invoker, Task lastTask, State next, Scope scope, Object state, Boolean isCompleted)
   at Microsoft.AspNetCore.Mvc.Infrastructure.ResourceInvoker.Rethrow(ResourceExecutedContextSealed context)
   at Microsoft.AspNetCore.Mvc.Infrastructure.ResourceInvoker.Next(State& next, Scope& scope, Object& state, Boolean& isCompleted)
   at Microsoft.AspNetCore.Mvc.Infrastructure.ResourceInvoker.<InvokeFilterPipelineAsync>g__Awaited|19_0(ResourceInvoker invoker, Task lastTask, State next, Scope scope, Object state, Boolean isCompleted)
   at Microsoft.AspNetCore.Mvc.Infrastructure.ResourceInvoker.<InvokeAsync>g__Logged|17_1(ResourceInvoker invoker)
   at Microsoft.AspNetCore.Routing.EndpointMiddleware.<Invoke>g__AwaitRequestTask|6_0(Endpoint endpoint, Task requestTask, ILogger logger)
   at Microsoft.AspNetCore.Authorization.AuthorizationMiddleware.Invoke(HttpContext context)
   at Microsoft.AspNetCore.Authentication.AuthenticationMiddleware.Invoke(HttpContext context)
   at Swashbuckle.AspNetCore.ReDoc.ReDocMiddleware.Invoke(HttpContext httpContext)
   at Swashbuckle.AspNetCore.SwaggerUI.SwaggerUIMiddleware.Invoke(HttpContext httpContext)
   at Swashbuckle.AspNetCore.Swagger.SwaggerMiddleware.Invoke(HttpContext httpContext, ISwaggerProvider swaggerProvider)
   at ElmahCore.Mvc.ErrorLogMiddleware.Invoke(HttpContext context, Func`1 next)
   at ElmahCore.Mvc.BuilderHelper.<>c.<<UseElmah>b__0_0>d.MoveNext()
--- End of stack trace from previous location where exception was thrown ---
   at WebFramework.Middlewares.CustomExceptionHandlerMiddleware.Invoke(HttpContext context) in D:\Project\BomoBana\Git\WebFramework\Middlewares\CustomExceptionHandlerMiddleware.cs:line 49 | WebFramework.Middlewares.CustomExceptionHandlerMiddleware | url: https://localhost/api/v1/Users/Token | action: Token
2020-09-08 11:00:41.5959 | ERROR | Elmah local exception |  | ElmahCore.Mvc.ErrorLogMiddleware | url: https://localhost/api/v1/Users/Token | action: Token
2020-09-08 11:00:41.5959 | ERROR | نام کاربری یا رمز عبور اشتباه است | Common.Exceptions.BadRequestException: نام کاربری یا رمز عبور اشتباه است
   at MyApi.Controllers.v1.UsersController.Token(TokenRequest tokenRequest, CancellationToken cancellationToken) in D:\Project\BomoBana\Git\Api\Controllers\UsersController.cs:line 72
   at lambda_method(Closure , Object )
   at Microsoft.Extensions.Internal.ObjectMethodExecutorAwaitable.Awaiter.GetResult()
   at Microsoft.AspNetCore.Mvc.Infrastructure.ActionMethodExecutor.TaskOfActionResultExecutor.Execute(IActionResultTypeMapper mapper, ObjectMethodExecutor executor, Object controller, Object[] arguments)
   at Microsoft.AspNetCore.Mvc.Infrastructure.ControllerActionInvoker.<InvokeActionMethodAsync>g__Awaited|12_0(ControllerActionInvoker invoker, ValueTask`1 actionResultValueTask)
   at Microsoft.AspNetCore.Mvc.Infrastructure.ControllerActionInvoker.<InvokeNextActionFilterAsync>g__Awaited|10_0(ControllerActionInvoker invoker, Task lastTask, State next, Scope scope, Object state, Boolean isCompleted)
   at Microsoft.AspNetCore.Mvc.Infrastructure.ControllerActionInvoker.Rethrow(ActionExecutedContextSealed context)
   at Microsoft.AspNetCore.Mvc.Infrastructure.ControllerActionInvoker.Next(State& next, Scope& scope, Object& state, Boolean& isCompleted)
   at Microsoft.AspNetCore.Mvc.Infrastructure.ControllerActionInvoker.<InvokeInnerFilterAsync>g__Awaited|13_0(ControllerActionInvoker invoker, Task lastTask, State next, Scope scope, Object state, Boolean isCompleted)
   at Microsoft.AspNetCore.Mvc.Infrastructure.ResourceInvoker.<InvokeNextResourceFilter>g__Awaited|24_0(ResourceInvoker invoker, Task lastTask, State next, Scope scope, Object state, Boolean isCompleted)
   at Microsoft.AspNetCore.Mvc.Infrastructure.ResourceInvoker.Rethrow(ResourceExecutedContextSealed context)
   at Microsoft.AspNetCore.Mvc.Infrastructure.ResourceInvoker.Next(State& next, Scope& scope, Object& state, Boolean& isCompleted)
   at Microsoft.AspNetCore.Mvc.Infrastructure.ResourceInvoker.<InvokeFilterPipelineAsync>g__Awaited|19_0(ResourceInvoker invoker, Task lastTask, State next, Scope scope, Object state, Boolean isCompleted)
   at Microsoft.AspNetCore.Mvc.Infrastructure.ResourceInvoker.<InvokeAsync>g__Logged|17_1(ResourceInvoker invoker)
   at Microsoft.AspNetCore.Routing.EndpointMiddleware.<Invoke>g__AwaitRequestTask|6_0(Endpoint endpoint, Task requestTask, ILogger logger)
   at Microsoft.AspNetCore.Authorization.AuthorizationMiddleware.Invoke(HttpContext context)
   at Microsoft.AspNetCore.Authentication.AuthenticationMiddleware.Invoke(HttpContext context)
   at Swashbuckle.AspNetCore.ReDoc.ReDocMiddleware.Invoke(HttpContext httpContext)
   at Swashbuckle.AspNetCore.SwaggerUI.SwaggerUIMiddleware.Invoke(HttpContext httpContext)
   at Swashbuckle.AspNetCore.Swagger.SwaggerMiddleware.Invoke(HttpContext httpContext, ISwaggerProvider swaggerProvider)
   at ElmahCore.Mvc.ErrorLogMiddleware.Invoke(HttpContext context, Func`1 next)
   at ElmahCore.Mvc.BuilderHelper.<>c.<<UseElmah>b__0_0>d.MoveNext()
--- End of stack trace from previous location where exception was thrown ---
   at WebFramework.Middlewares.CustomExceptionHandlerMiddleware.Invoke(HttpContext context) in D:\Project\BomoBana\Git\WebFramework\Middlewares\CustomExceptionHandlerMiddleware.cs:line 49 | WebFramework.Middlewares.CustomExceptionHandlerMiddleware | url: https://localhost/api/v1/Users/Token | action: Token
2020-09-08 11:02:53.6380 | WARN | No type was specified for the decimal column 'RequestedSalary' on entity type 'JobRequest'. This will cause values to be silently truncated if they do not fit in the default precision and scale. Explicitly specify the SQL server column type that can accommodate all the values using 'HasColumnType()'. |  | Microsoft.EntityFrameworkCore.Model.Validation | url:  | action: 
2020-09-08 11:03:04.7770 | ERROR | Elmah local exception |  | ElmahCore.Mvc.ErrorLogMiddleware | url: https://localhost/api/values | action: Get
2020-09-08 11:03:04.7770 | ERROR | Elmah local exception |  | ElmahCore.Mvc.ErrorLogMiddleware | url: https://localhost/ | action: 
2020-09-08 11:03:04.7872 | ERROR | You are unauthorized to access this resource. | Common.Exceptions.AppException: You are unauthorized to access this resource.
   at WebFramework.Configuration.ServiceCollectionExtensions.<>c.<AddJwtAuthentication>b__3_4(JwtBearerChallengeContext context) in D:\Project\BomoBana\Git\WebFramework\Configuration\ServiceCollectionExtensions.cs:line 203
   at Microsoft.AspNetCore.Authentication.JwtBearer.JwtBearerEvents.Challenge(JwtBearerChallengeContext context)
   at Microsoft.AspNetCore.Authentication.JwtBearer.JwtBearerHandler.HandleChallengeAsync(AuthenticationProperties properties)
   at Microsoft.AspNetCore.Authentication.AuthenticationHandler`1.ChallengeAsync(AuthenticationProperties properties)
   at Microsoft.AspNetCore.Authentication.AuthenticationService.ChallengeAsync(HttpContext context, String scheme, AuthenticationProperties properties)
   at Microsoft.AspNetCore.Mvc.ChallengeResult.ExecuteResultAsync(ActionContext context)
   at Microsoft.AspNetCore.Mvc.Infrastructure.ResourceInvoker.<InvokeNextResultFilterAsync>g__Awaited|29_0[TFilter,TFilterAsync](ResourceInvoker invoker, Task lastTask, State next, Scope scope, Object state, Boolean isCompleted)
   at Microsoft.AspNetCore.Mvc.Infrastructure.ResourceInvoker.Rethrow(ResultExecutedContextSealed context)
   at Microsoft.AspNetCore.Mvc.Infrastructure.ResourceInvoker.ResultNext[TFilter,TFilterAsync](State& next, Scope& scope, Object& state, Boolean& isCompleted)
   at Microsoft.AspNetCore.Mvc.Infrastructure.ResourceInvoker.InvokeAlwaysRunResultFilters()
--- End of stack trace from previous location where exception was thrown ---
   at Microsoft.AspNetCore.Mvc.Infrastructure.ResourceInvoker.<InvokeFilterPipelineAsync>g__Awaited|19_0(ResourceInvoker invoker, Task lastTask, State next, Scope scope, Object state, Boolean isCompleted)
   at Microsoft.AspNetCore.Mvc.Infrastructure.ResourceInvoker.<InvokeAsync>g__Logged|17_1(ResourceInvoker invoker)
   at Microsoft.AspNetCore.Routing.EndpointMiddleware.<Invoke>g__AwaitRequestTask|6_0(Endpoint endpoint, Task requestTask, ILogger logger)
   at Microsoft.AspNetCore.Authorization.AuthorizationMiddleware.Invoke(HttpContext context)
   at Microsoft.AspNetCore.Authentication.AuthenticationMiddleware.Invoke(HttpContext context)
   at Swashbuckle.AspNetCore.ReDoc.ReDocMiddleware.Invoke(HttpContext httpContext)
   at Swashbuckle.AspNetCore.SwaggerUI.SwaggerUIMiddleware.Invoke(HttpContext httpContext)
   at Swashbuckle.AspNetCore.Swagger.SwaggerMiddleware.Invoke(HttpContext httpContext, ISwaggerProvider swaggerProvider)
   at ElmahCore.Mvc.ErrorLogMiddleware.Invoke(HttpContext context, Func`1 next)
   at ElmahCore.Mvc.BuilderHelper.<>c.<<UseElmah>b__0_0>d.MoveNext()
--- End of stack trace from previous location where exception was thrown ---
   at WebFramework.Middlewares.CustomExceptionHandlerMiddleware.Invoke(HttpContext context) in D:\Project\BomoBana\Git\WebFramework\Middlewares\CustomExceptionHandlerMiddleware.cs:line 49 | WebFramework.Middlewares.CustomExceptionHandlerMiddleware | url: https://localhost/api/values | action: Get
2020-09-08 11:04:13.6422 | ERROR | Elmah local exception |  | ElmahCore.Mvc.ErrorLogMiddleware | url: https://localhost/api/v1/Users/Token | action: Token
2020-09-08 11:04:13.6422 | ERROR | نام کاربری یا رمز عبور اشتباه است | Common.Exceptions.BadRequestException: نام کاربری یا رمز عبور اشتباه است
   at MyApi.Controllers.v1.UsersController.Token(TokenRequest tokenRequest, CancellationToken cancellationToken) in D:\Project\BomoBana\Git\Api\Controllers\UsersController.cs:line 72
   at lambda_method(Closure , Object )
   at Microsoft.Extensions.Internal.ObjectMethodExecutorAwaitable.Awaiter.GetResult()
   at Microsoft.AspNetCore.Mvc.Infrastructure.ActionMethodExecutor.TaskOfActionResultExecutor.Execute(IActionResultTypeMapper mapper, ObjectMethodExecutor executor, Object controller, Object[] arguments)
   at Microsoft.AspNetCore.Mvc.Infrastructure.ControllerActionInvoker.<InvokeActionMethodAsync>g__Awaited|12_0(ControllerActionInvoker invoker, ValueTask`1 actionResultValueTask)
   at Microsoft.AspNetCore.Mvc.Infrastructure.ControllerActionInvoker.<InvokeNextActionFilterAsync>g__Awaited|10_0(ControllerActionInvoker invoker, Task lastTask, State next, Scope scope, Object state, Boolean isCompleted)
   at Microsoft.AspNetCore.Mvc.Infrastructure.ControllerActionInvoker.Rethrow(ActionExecutedContextSealed context)
   at Microsoft.AspNetCore.Mvc.Infrastructure.ControllerActionInvoker.Next(State& next, Scope& scope, Object& state, Boolean& isCompleted)
   at Microsoft.AspNetCore.Mvc.Infrastructure.ControllerActionInvoker.<InvokeInnerFilterAsync>g__Awaited|13_0(ControllerActionInvoker invoker, Task lastTask, State next, Scope scope, Object state, Boolean isCompleted)
   at Microsoft.AspNetCore.Mvc.Infrastructure.ResourceInvoker.<InvokeNextResourceFilter>g__Awaited|24_0(ResourceInvoker invoker, Task lastTask, State next, Scope scope, Object state, Boolean isCompleted)
   at Microsoft.AspNetCore.Mvc.Infrastructure.ResourceInvoker.Rethrow(ResourceExecutedContextSealed context)
   at Microsoft.AspNetCore.Mvc.Infrastructure.ResourceInvoker.Next(State& next, Scope& scope, Object& state, Boolean& isCompleted)
   at Microsoft.AspNetCore.Mvc.Infrastructure.ResourceInvoker.<InvokeFilterPipelineAsync>g__Awaited|19_0(ResourceInvoker invoker, Task lastTask, State next, Scope scope, Object state, Boolean isCompleted)
   at Microsoft.AspNetCore.Mvc.Infrastructure.ResourceInvoker.<InvokeAsync>g__Logged|17_1(ResourceInvoker invoker)
   at Microsoft.AspNetCore.Routing.EndpointMiddleware.<Invoke>g__AwaitRequestTask|6_0(Endpoint endpoint, Task requestTask, ILogger logger)
   at Microsoft.AspNetCore.Authorization.AuthorizationMiddleware.Invoke(HttpContext context)
   at Microsoft.AspNetCore.Authentication.AuthenticationMiddleware.Invoke(HttpContext context)
   at Swashbuckle.AspNetCore.ReDoc.ReDocMiddleware.Invoke(HttpContext httpContext)
   at Swashbuckle.AspNetCore.SwaggerUI.SwaggerUIMiddleware.Invoke(HttpContext httpContext)
   at Swashbuckle.AspNetCore.Swagger.SwaggerMiddleware.Invoke(HttpContext httpContext, ISwaggerProvider swaggerProvider)
   at ElmahCore.Mvc.ErrorLogMiddleware.Invoke(HttpContext context, Func`1 next)
   at ElmahCore.Mvc.BuilderHelper.<>c.<<UseElmah>b__0_0>d.MoveNext()
--- End of stack trace from previous location where exception was thrown ---
   at WebFramework.Middlewares.CustomExceptionHandlerMiddleware.Invoke(HttpContext context) in D:\Project\BomoBana\Git\WebFramework\Middlewares\CustomExceptionHandlerMiddleware.cs:line 49 | WebFramework.Middlewares.CustomExceptionHandlerMiddleware | url: https://localhost/api/v1/Users/Token | action: Token
2020-09-08 11:04:48.2883 | WARN | No type was specified for the decimal column 'RequestedSalary' on entity type 'JobRequest'. This will cause values to be silently truncated if they do not fit in the default precision and scale. Explicitly specify the SQL server column type that can accommodate all the values using 'HasColumnType()'. |  | Microsoft.EntityFrameworkCore.Model.Validation | url:  | action: 
2020-09-08 11:04:59.3900 | ERROR | Elmah local exception |  | ElmahCore.Mvc.ErrorLogMiddleware | url: https://localhost/api/values | action: Get
2020-09-08 11:04:59.3921 | ERROR | You are unauthorized to access this resource. | Common.Exceptions.AppException: You are unauthorized to access this resource.
   at WebFramework.Configuration.ServiceCollectionExtensions.<>c.<AddJwtAuthentication>b__3_4(JwtBearerChallengeContext context) in D:\Project\BomoBana\Git\WebFramework\Configuration\ServiceCollectionExtensions.cs:line 203
   at Microsoft.AspNetCore.Authentication.JwtBearer.JwtBearerEvents.Challenge(JwtBearerChallengeContext context)
   at Microsoft.AspNetCore.Authentication.JwtBearer.JwtBearerHandler.HandleChallengeAsync(AuthenticationProperties properties)
   at Microsoft.AspNetCore.Authentication.AuthenticationHandler`1.ChallengeAsync(AuthenticationProperties properties)
   at Microsoft.AspNetCore.Authentication.AuthenticationService.ChallengeAsync(HttpContext context, String scheme, AuthenticationProperties properties)
   at Microsoft.AspNetCore.Mvc.ChallengeResult.ExecuteResultAsync(ActionContext context)
   at Microsoft.AspNetCore.Mvc.Infrastructure.ResourceInvoker.<InvokeNextResultFilterAsync>g__Awaited|29_0[TFilter,TFilterAsync](ResourceInvoker invoker, Task lastTask, State next, Scope scope, Object state, Boolean isCompleted)
   at Microsoft.AspNetCore.Mvc.Infrastructure.ResourceInvoker.Rethrow(ResultExecutedContextSealed context)
   at Microsoft.AspNetCore.Mvc.Infrastructure.ResourceInvoker.ResultNext[TFilter,TFilterAsync](State& next, Scope& scope, Object& state, Boolean& isCompleted)
   at Microsoft.AspNetCore.Mvc.Infrastructure.ResourceInvoker.InvokeAlwaysRunResultFilters()
--- End of stack trace from previous location where exception was thrown ---
   at Microsoft.AspNetCore.Mvc.Infrastructure.ResourceInvoker.<InvokeFilterPipelineAsync>g__Awaited|19_0(ResourceInvoker invoker, Task lastTask, State next, Scope scope, Object state, Boolean isCompleted)
   at Microsoft.AspNetCore.Mvc.Infrastructure.ResourceInvoker.<InvokeAsync>g__Logged|17_1(ResourceInvoker invoker)
   at Microsoft.AspNetCore.Routing.EndpointMiddleware.<Invoke>g__AwaitRequestTask|6_0(Endpoint endpoint, Task requestTask, ILogger logger)
   at Microsoft.AspNetCore.Authorization.AuthorizationMiddleware.Invoke(HttpContext context)
   at Microsoft.AspNetCore.Authentication.AuthenticationMiddleware.Invoke(HttpContext context)
   at Swashbuckle.AspNetCore.ReDoc.ReDocMiddleware.Invoke(HttpContext httpContext)
   at Swashbuckle.AspNetCore.SwaggerUI.SwaggerUIMiddleware.Invoke(HttpContext httpContext)
   at Swashbuckle.AspNetCore.Swagger.SwaggerMiddleware.Invoke(HttpContext httpContext, ISwaggerProvider swaggerProvider)
   at ElmahCore.Mvc.ErrorLogMiddleware.Invoke(HttpContext context, Func`1 next)
   at ElmahCore.Mvc.BuilderHelper.<>c.<<UseElmah>b__0_0>d.MoveNext()
--- End of stack trace from previous location where exception was thrown ---
   at WebFramework.Middlewares.CustomExceptionHandlerMiddleware.Invoke(HttpContext context) in D:\Project\BomoBana\Git\WebFramework\Middlewares\CustomExceptionHandlerMiddleware.cs:line 49 | WebFramework.Middlewares.CustomExceptionHandlerMiddleware | url: https://localhost/api/values | action: Get
